Using pre-set license
Built from '2020.3/staging' branch; Version is '2020.3.0f1 (c7b5465681fb) revision 13088070'; Using compiler version '192528614'; Build Type 'Release'
OS: 'Windows 10 Home; OS build 18363.753; Version 1909; 64bit' Language: 'ko' Physical Memory: 8032 MB
BatchMode: 1, IsHumanControllingUs: 0, StartBugReporterOnCrash: 0, Is64bit: 1, IsPro: 0

 COMMAND LINE ARGUMENTS:
C:\Program Files\Unity\Hub\Editor\2020.3.0f1\Editor\Unity.exe
-adb2
-batchMode
-noUpm
-name
AssetImportWorker0
-projectPath
C:/Users/jynme/Documents/GitHub/unity-shooting-game/ShootingGame
-logFile
Logs/AssetImportWorker0.log
-srvPort
49675
Successfully changed project path to: C:/Users/jynme/Documents/GitHub/unity-shooting-game/ShootingGame
C:/Users/jynme/Documents/GitHub/unity-shooting-game/ShootingGame
Using Asset Import Pipeline V2.
Refreshing native plugins compatible for Editor in 70.65 ms, found 0 plugins.
Preloading 0 native plugins for Editor in 0.00 ms.
Initialize engine version: 2020.3.0f1 (c7b5465681fb)
[Subsystems] Discovering subsystems at path C:/Program Files/Unity/Hub/Editor/2020.3.0f1/Editor/Data/Resources/UnitySubsystems
[Subsystems] Discovering subsystems at path C:/Users/jynme/Documents/GitHub/unity-shooting-game/ShootingGame/Assets
GfxDevice: creating device client; threaded=0
Direct3D:
    Version:  Direct3D 11.0 [level 11.1]
    Renderer: NVIDIA GeForce GTX 1650 (ID=0x1f91)
    Vendor:   
    VRAM:     3964 MB
    Driver:   26.21.14.4145
Initialize mono
Mono path[0] = 'C:/Program Files/Unity/Hub/Editor/2020.3.0f1/Editor/Data/Managed'
Mono path[1] = 'C:/Program Files/Unity/Hub/Editor/2020.3.0f1/Editor/Data/MonoBleedingEdge/lib/mono/unityjit'
Mono config path = 'C:/Program Files/Unity/Hub/Editor/2020.3.0f1/Editor/Data/MonoBleedingEdge/etc'
Using monoOptions --debugger-agent=transport=dt_socket,embedding=1,server=y,suspend=n,address=127.0.0.1:56856
Begin MonoManager ReloadAssembly
Registering precompiled unity dll's ...
Register platform support module: C:/Program Files/Unity/Hub/Editor/2020.3.0f1/Editor/Data/PlaybackEngines/WindowsStandaloneSupport/UnityEditor.WindowsStandalone.Extensions.dll
Registered in 0.002234 seconds.
Native extension for WindowsStandalone target not found
Refreshing native plugins compatible for Editor in 71.23 ms, found 0 plugins.
Preloading 0 native plugins for Editor in 0.00 ms.
Invoked RoslynAnalysisRunner static constructor.
RoslynAnalysisRunner will not be running.
RoslynAnalysisRunner has terminated.
Mono: successfully reloaded assembly
- Completed reload, in  5.598 seconds
Platform modules already initialized, skipping
Registering precompiled user dll's ...
Registered in 0.002257 seconds.
Begin MonoManager ReloadAssembly
Native extension for WindowsStandalone target not found
Refreshing native plugins compatible for Editor in 0.39 ms, found 0 plugins.
Preloading 0 native plugins for Editor in 0.00 ms.
Invoked RoslynAnalysisRunner static constructor.
RoslynAnalysisRunner will not be running.
RoslynAnalysisRunner has terminated.
Mono: successfully reloaded assembly
- Completed reload, in  2.140 seconds
Platform modules already initialized, skipping
========================================================================
Worker process is ready to serve import requests
Launched and connected shader compiler UnityShaderCompiler.exe after 0.08 seconds
Refreshing native plugins compatible for Editor in 0.39 ms, found 0 plugins.
Preloading 0 native plugins for Editor in 0.00 ms.
Unloading 1115 Unused Serialized files (Serialized files now loaded: 0)
System memory in use before: 57.3 MB.
System memory in use after: 57.3 MB.

Unloading 10 unused Assets to reduce memory usage. Loaded Objects now: 1557.
Total: 2.837000 ms (FindLiveObjects: 0.245500 ms CreateObjectMapping: 0.085700 ms MarkObjects: 2.406100 ms  DeleteObjects: 0.098200 ms)

========================================================================
Received Import Request.
  path: Assets/Scripts
  artifactKey: Guid(eb099eb00a53d0b41b42bd5b57bbd0ab) Importer(815301076,1909f56bfc062723c751e8b465ee728b)
Start importing Assets/Scripts using Guid(eb099eb00a53d0b41b42bd5b57bbd0ab) Importer(815301076,1909f56bfc062723c751e8b465ee728b)  -> (artifact id: 'fcf48e846f5589fd00bfb84aa4ee94f9') in 0.012767 seconds
  Import took 0.015676 seconds .

========================================================================
Received Import Request.
  Time since last request: 5.892114 seconds.
  path: Assets/Scripts/Bullet.cs
  artifactKey: Guid(2b7824689430cd54c91bcd99a6dfd516) Importer(815301076,1909f56bfc062723c751e8b465ee728b)
Start importing Assets/Scripts/Bullet.cs using Guid(2b7824689430cd54c91bcd99a6dfd516) Importer(815301076,1909f56bfc062723c751e8b465ee728b)  -> (artifact id: '518c25da96584676d4be58429a997c2d') in 0.178055 seconds
  Import took 0.181718 seconds .

========================================================================
Received Prepare
Registering precompiled user dll's ...
Registered in 0.001514 seconds.
Begin MonoManager ReloadAssembly
Native extension for WindowsStandalone target not found
Refreshing native plugins compatible for Editor in 0.40 ms, found 0 plugins.
Preloading 0 native plugins for Editor in 0.00 ms.
Invoked RoslynAnalysisRunner static constructor.
RoslynAnalysisRunner will not be running.
RoslynAnalysisRunner has terminated.
Mono: successfully reloaded assembly
- Completed reload, in  2.010 seconds
Platform modules already initialized, skipping
Refreshing native plugins compatible for Editor in 0.69 ms, found 0 plugins.
Preloading 0 native plugins for Editor in 0.00 ms.
Unloading 1110 Unused Serialized files (Serialized files now loaded: 0)
System memory in use before: 57.2 MB.
System memory in use after: 57.3 MB.

Unloading 5 unused Assets to reduce memory usage. Loaded Objects now: 1560.
Total: 3.210500 ms (FindLiveObjects: 0.289300 ms CreateObjectMapping: 0.113600 ms MarkObjects: 2.685600 ms  DeleteObjects: 0.119200 ms)

========================================================================
Received Prepare
Registering precompiled user dll's ...
Registered in 0.001025 seconds.
Begin MonoManager ReloadAssembly
Native extension for WindowsStandalone target not found
Refreshing native plugins compatible for Editor in 0.28 ms, found 0 plugins.
Preloading 0 native plugins for Editor in 0.00 ms.
Invoked RoslynAnalysisRunner static constructor.
RoslynAnalysisRunner will not be running.
RoslynAnalysisRunner has terminated.
Mono: successfully reloaded assembly
- Completed reload, in  1.746 seconds
Platform modules already initialized, skipping
Refreshing native plugins compatible for Editor in 0.53 ms, found 0 plugins.
Preloading 0 native plugins for Editor in 0.00 ms.
Unloading 1111 Unused Serialized files (Serialized files now loaded: 0)
System memory in use before: 57.3 MB.
System memory in use after: 57.3 MB.

Unloading 5 unused Assets to reduce memory usage. Loaded Objects now: 1564.
Total: 3.516000 ms (FindLiveObjects: 0.342100 ms CreateObjectMapping: 0.100000 ms MarkObjects: 2.971400 ms  DeleteObjects: 0.100600 ms)

========================================================================
Received Import Request.
  Time since last request: 329.437323 seconds.
  path: Assets/Scripts/PlayerFire.cs
  artifactKey: Guid(cb267a57be1333f4a96a6ed2f6f364ed) Importer(815301076,1909f56bfc062723c751e8b465ee728b)
Start importing Assets/Scripts/PlayerFire.cs using Guid(cb267a57be1333f4a96a6ed2f6f364ed) Importer(815301076,1909f56bfc062723c751e8b465ee728b)  -> (artifact id: 'd43a684953ae3ba448581b974f6997b2') in 0.019301 seconds
  Import took 0.023847 seconds .

========================================================================
Received Prepare
Registering precompiled user dll's ...
Registered in 0.001752 seconds.
Begin MonoManager ReloadAssembly
Native extension for WindowsStandalone target not found
Refreshing native plugins compatible for Editor in 0.40 ms, found 0 plugins.
Preloading 0 native plugins for Editor in 0.00 ms.
Invoked RoslynAnalysisRunner static constructor.
RoslynAnalysisRunner will not be running.
RoslynAnalysisRunner has terminated.
Mono: successfully reloaded assembly
- Completed reload, in  1.667 seconds
Platform modules already initialized, skipping
Refreshing native plugins compatible for Editor in 0.38 ms, found 0 plugins.
Preloading 0 native plugins for Editor in 0.00 ms.
Unloading 1111 Unused Serialized files (Serialized files now loaded: 0)
System memory in use before: 57.3 MB.
System memory in use after: 57.3 MB.

Unloading 5 unused Assets to reduce memory usage. Loaded Objects now: 1567.
Total: 3.457900 ms (FindLiveObjects: 0.345100 ms CreateObjectMapping: 0.117700 ms MarkObjects: 2.902400 ms  DeleteObjects: 0.090300 ms)

========================================================================
Received Import Request.
  Time since last request: 425.745430 seconds.
  path: Assets/Scripts/PlayerFire.cs
  artifactKey: Guid(cb267a57be1333f4a96a6ed2f6f364ed) Importer(815301076,1909f56bfc062723c751e8b465ee728b)
Start importing Assets/Scripts/PlayerFire.cs using Guid(cb267a57be1333f4a96a6ed2f6f364ed) Importer(815301076,1909f56bfc062723c751e8b465ee728b)  -> (artifact id: 'e09c6b6ee2fdf5f0ff028b3d8f42983e') in 0.014973 seconds
  Import took 0.021280 seconds .

========================================================================
Received Prepare
Registering precompiled user dll's ...
Registered in 0.001344 seconds.
Begin MonoManager ReloadAssembly
Native extension for WindowsStandalone target not found
Refreshing native plugins compatible for Editor in 0.50 ms, found 0 plugins.
Preloading 0 native plugins for Editor in 0.00 ms.
Invoked RoslynAnalysisRunner static constructor.
RoslynAnalysisRunner will not be running.
RoslynAnalysisRunner has terminated.
Mono: successfully reloaded assembly
- Completed reload, in  2.048 seconds
Platform modules already initialized, skipping
Refreshing native plugins compatible for Editor in 0.37 ms, found 0 plugins.
Preloading 0 native plugins for Editor in 0.00 ms.
Unloading 1111 Unused Serialized files (Serialized files now loaded: 0)
System memory in use before: 57.3 MB.
System memory in use after: 57.4 MB.

Unloading 5 unused Assets to reduce memory usage. Loaded Objects now: 1570.
Total: 2.945100 ms (FindLiveObjects: 0.339000 ms CreateObjectMapping: 0.080600 ms MarkObjects: 2.407800 ms  DeleteObjects: 0.116100 ms)

========================================================================
Received Import Request.
  Time since last request: 69.516116 seconds.
  path: Assets/Scripts/PlayerFire.cs
  artifactKey: Guid(cb267a57be1333f4a96a6ed2f6f364ed) Importer(815301076,1909f56bfc062723c751e8b465ee728b)
Start importing Assets/Scripts/PlayerFire.cs using Guid(cb267a57be1333f4a96a6ed2f6f364ed) Importer(815301076,1909f56bfc062723c751e8b465ee728b)  -> (artifact id: 'bee5a0db25646a3945b3ef7773522caf') in 0.007279 seconds
  Import took 0.011031 seconds .

========================================================================
Received Import Request.
  Time since last request: 37.960244 seconds.
  path: Assets/Prefabs
  artifactKey: Guid(47625f4c5cc8b6247b4fd8c3b8e0b00d) Importer(815301076,1909f56bfc062723c751e8b465ee728b)
Start importing Assets/Prefabs using Guid(47625f4c5cc8b6247b4fd8c3b8e0b00d) Importer(815301076,1909f56bfc062723c751e8b465ee728b)  -> (artifact id: '40ed479bb0a52281d75bc657079dc4bb') in 0.017842 seconds
  Import took 0.023075 seconds .

========================================================================
Received Import Request.
  Time since last request: 10.621007 seconds.
  path: Assets/Lights
  artifactKey: Guid(acb51e6c6bfd51d4a9fdff671872026e) Importer(815301076,1909f56bfc062723c751e8b465ee728b)
Start importing Assets/Lights using Guid(acb51e6c6bfd51d4a9fdff671872026e) Importer(815301076,1909f56bfc062723c751e8b465ee728b)  -> (artifact id: 'bb377f626a35bfb6d20e02c4dd314e61') in 0.013268 seconds
  Import took 0.017744 seconds .

========================================================================
Received Import Request.
  Time since last request: 18.173780 seconds.
  path: Assets/Prefabs/Bullet.prefab
  artifactKey: Guid(b58ea44ca4d9f24419200df1a125c19d) Importer(815301076,1909f56bfc062723c751e8b465ee728b)
Start importing Assets/Prefabs/Bullet.prefab using Guid(b58ea44ca4d9f24419200df1a125c19d) Importer(815301076,1909f56bfc062723c751e8b465ee728b)  -> (artifact id: '53a930ed83c5c4455cd31b96ac5e6c80') in 0.183578 seconds
  Import took 0.188098 seconds .

========================================================================
Received Import Request.
  Time since last request: 39.775350 seconds.
  path: Assets/Scripts/PlayerMove.cs
  artifactKey: Guid(30f7e7095004fdd408e349bf5ec3d576) Importer(815301076,1909f56bfc062723c751e8b465ee728b)
Start importing Assets/Scripts/PlayerMove.cs using Guid(30f7e7095004fdd408e349bf5ec3d576) Importer(815301076,1909f56bfc062723c751e8b465ee728b)  -> (artifact id: 'd2a55f5e7fd937d87ca267d8d65ed751') in 0.028658 seconds
  Import took 0.033646 seconds .

========================================================================
Received Import Request.
  Time since last request: 16.448260 seconds.
  path: Assets/Scripts/PlayerController.cs
  artifactKey: Guid(30f7e7095004fdd408e349bf5ec3d576) Importer(815301076,1909f56bfc062723c751e8b465ee728b)
Start importing Assets/Scripts/PlayerController.cs using Guid(30f7e7095004fdd408e349bf5ec3d576) Importer(815301076,1909f56bfc062723c751e8b465ee728b)  -> (artifact id: '430a2e9638c5cb87a8d7c0b958653eb6') in 0.012998 seconds
  Import took 0.016282 seconds .

========================================================================
Received Prepare
Registering precompiled user dll's ...
Registered in 0.001918 seconds.
Begin MonoManager ReloadAssembly
Native extension for WindowsStandalone target not found
Refreshing native plugins compatible for Editor in 0.44 ms, found 0 plugins.
Preloading 0 native plugins for Editor in 0.00 ms.
Invoked RoslynAnalysisRunner static constructor.
RoslynAnalysisRunner will not be running.
RoslynAnalysisRunner has terminated.
Mono: successfully reloaded assembly
- Completed reload, in  1.912 seconds
Platform modules already initialized, skipping
Refreshing native plugins compatible for Editor in 0.44 ms, found 0 plugins.
Preloading 0 native plugins for Editor in 0.00 ms.
Unloading 1111 Unused Serialized files (Serialized files now loaded: 0)
System memory in use before: 60.4 MB.
System memory in use after: 60.5 MB.

Unloading 6 unused Assets to reduce memory usage. Loaded Objects now: 1581.
Total: 2.927700 ms (FindLiveObjects: 0.205500 ms CreateObjectMapping: 0.087500 ms MarkObjects: 2.524000 ms  DeleteObjects: 0.108500 ms)

========================================================================
Received Prepare
Registering precompiled user dll's ...
Registered in 0.001365 seconds.
Begin MonoManager ReloadAssembly
Native extension for WindowsStandalone target not found
Refreshing native plugins compatible for Editor in 0.58 ms, found 0 plugins.
Preloading 0 native plugins for Editor in 0.00 ms.
Invoked RoslynAnalysisRunner static constructor.
RoslynAnalysisRunner will not be running.
RoslynAnalysisRunner has terminated.
Mono: successfully reloaded assembly
- Completed reload, in  2.233 seconds
Platform modules already initialized, skipping
Refreshing native plugins compatible for Editor in 0.39 ms, found 0 plugins.
Preloading 0 native plugins for Editor in 0.00 ms.
Unloading 1111 Unused Serialized files (Serialized files now loaded: 0)
System memory in use before: 60.4 MB.
System memory in use after: 60.5 MB.

Unloading 5 unused Assets to reduce memory usage. Loaded Objects now: 1584.
Total: 2.758200 ms (FindLiveObjects: 0.172700 ms CreateObjectMapping: 0.049000 ms MarkObjects: 2.461800 ms  DeleteObjects: 0.073200 ms)

========================================================================
Received Import Request.
  Time since last request: 62.770922 seconds.
  path: Assets/Scripts/PlayerController.cs
  artifactKey: Guid(30f7e7095004fdd408e349bf5ec3d576) Importer(815301076,1909f56bfc062723c751e8b465ee728b)
Start importing Assets/Scripts/PlayerController.cs using Guid(30f7e7095004fdd408e349bf5ec3d576) Importer(815301076,1909f56bfc062723c751e8b465ee728b)  -> (artifact id: '4fb290645ed16edbfd92d13ad5cf231e') in 0.007226 seconds
  Import took 0.011110 seconds .

========================================================================
Received Import Request.
  Time since last request: 0.000243 seconds.
  path: Assets/Scripts/Bullet.cs
  artifactKey: Guid(2b7824689430cd54c91bcd99a6dfd516) Importer(815301076,1909f56bfc062723c751e8b465ee728b)
Start importing Assets/Scripts/Bullet.cs using Guid(2b7824689430cd54c91bcd99a6dfd516) Importer(815301076,1909f56bfc062723c751e8b465ee728b)  -> (artifact id: '8f7c007e9685dc9916b32b414e650b7e') in 0.003837 seconds
  Import took 0.007609 seconds .

========================================================================
Received Prepare
Registering precompiled user dll's ...
Registered in 0.001421 seconds.
Begin MonoManager ReloadAssembly
Native extension for WindowsStandalone target not found
Refreshing native plugins compatible for Editor in 0.64 ms, found 0 plugins.
Preloading 0 native plugins for Editor in 0.00 ms.
Invoked RoslynAnalysisRunner static constructor.
RoslynAnalysisRunner will not be running.
RoslynAnalysisRunner has terminated.
Mono: successfully reloaded assembly
- Completed reload, in  2.100 seconds
Platform modules already initialized, skipping
Refreshing native plugins compatible for Editor in 0.62 ms, found 0 plugins.
Preloading 0 native plugins for Editor in 0.00 ms.
Unloading 1111 Unused Serialized files (Serialized files now loaded: 0)
System memory in use before: 60.4 MB.
System memory in use after: 60.5 MB.

Unloading 5 unused Assets to reduce memory usage. Loaded Objects now: 1587.
Total: 4.410900 ms (FindLiveObjects: 0.359000 ms CreateObjectMapping: 0.188100 ms MarkObjects: 3.763600 ms  DeleteObjects: 0.098100 ms)

========================================================================
Received Import Request.
  Time since last request: 42.842072 seconds.
  path: Assets/Scripts/Bullet.cs
  artifactKey: Guid(2b7824689430cd54c91bcd99a6dfd516) Importer(815301076,1909f56bfc062723c751e8b465ee728b)
Start importing Assets/Scripts/Bullet.cs using Guid(2b7824689430cd54c91bcd99a6dfd516) Importer(815301076,1909f56bfc062723c751e8b465ee728b)  -> (artifact id: 'd70f67dc06b792851fd2ea715e519726') in 0.010214 seconds
  Import took 0.015875 seconds .

========================================================================
Received Prepare
Registering precompiled user dll's ...
Registered in 0.000967 seconds.
Begin MonoManager ReloadAssembly
Native extension for WindowsStandalone target not found
Refreshing native plugins compatible for Editor in 0.60 ms, found 0 plugins.
Preloading 0 native plugins for Editor in 0.00 ms.
Invoked RoslynAnalysisRunner static constructor.
RoslynAnalysisRunner will not be running.
RoslynAnalysisRunner has terminated.
Mono: successfully reloaded assembly
- Completed reload, in  2.121 seconds
Platform modules already initialized, skipping
Refreshing native plugins compatible for Editor in 0.50 ms, found 0 plugins.
Preloading 0 native plugins for Editor in 0.00 ms.
Unloading 1111 Unused Serialized files (Serialized files now loaded: 0)
System memory in use before: 60.5 MB.
System memory in use after: 60.6 MB.

Unloading 5 unused Assets to reduce memory usage. Loaded Objects now: 1590.
Total: 3.257300 ms (FindLiveObjects: 0.285200 ms CreateObjectMapping: 0.100500 ms MarkObjects: 2.784000 ms  DeleteObjects: 0.085800 ms)

========================================================================
Received Import Request.
  Time since last request: 47.804882 seconds.
  path: Assets/Scripts/PlayerFire.cs
  artifactKey: Guid(cb267a57be1333f4a96a6ed2f6f364ed) Importer(815301076,1909f56bfc062723c751e8b465ee728b)
Start importing Assets/Scripts/PlayerFire.cs using Guid(cb267a57be1333f4a96a6ed2f6f364ed) Importer(815301076,1909f56bfc062723c751e8b465ee728b)  -> (artifact id: '9a72bf12cc20128f0d883bd4e32c7285') in 0.011640 seconds
  Import took 0.016191 seconds .

========================================================================
Received Prepare
Registering precompiled user dll's ...
Registered in 0.002894 seconds.
Begin MonoManager ReloadAssembly
Native extension for WindowsStandalone target not found
Refreshing native plugins compatible for Editor in 0.32 ms, found 0 plugins.
Preloading 0 native plugins for Editor in 0.00 ms.
Invoked RoslynAnalysisRunner static constructor.
RoslynAnalysisRunner will not be running.
RoslynAnalysisRunner has terminated.
Mono: successfully reloaded assembly
- Completed reload, in  1.741 seconds
Platform modules already initialized, skipping
Refreshing native plugins compatible for Editor in 0.51 ms, found 0 plugins.
Preloading 0 native plugins for Editor in 0.00 ms.
Unloading 1111 Unused Serialized files (Serialized files now loaded: 0)
System memory in use before: 60.5 MB.
System memory in use after: 60.6 MB.

Unloading 5 unused Assets to reduce memory usage. Loaded Objects now: 1593.
Total: 6.234500 ms (FindLiveObjects: 0.560300 ms CreateObjectMapping: 0.171600 ms MarkObjects: 5.350300 ms  DeleteObjects: 0.148000 ms)

========================================================================
Received Import Request.
  Time since last request: 630.413965 seconds.
  path: Assets/Scripts/PlayerFire.cs
  artifactKey: Guid(cb267a57be1333f4a96a6ed2f6f364ed) Importer(815301076,1909f56bfc062723c751e8b465ee728b)
Start importing Assets/Scripts/PlayerFire.cs using Guid(cb267a57be1333f4a96a6ed2f6f364ed) Importer(815301076,1909f56bfc062723c751e8b465ee728b)  -> (artifact id: '2e6c719424a4a244bf8b9cd41eba1c4b') in 0.010948 seconds
  Import took 0.016391 seconds .

========================================================================
Received Import Request.
  Time since last request: 31.596304 seconds.
  path: Assets/Scripts/PlayerFire.cs
  artifactKey: Guid(cb267a57be1333f4a96a6ed2f6f364ed) Importer(815301076,1909f56bfc062723c751e8b465ee728b)
Start importing Assets/Scripts/PlayerFire.cs using Guid(cb267a57be1333f4a96a6ed2f6f364ed) Importer(815301076,1909f56bfc062723c751e8b465ee728b)  -> (artifact id: 'd368dd231f7ae26b9e4010a37d603e0f') in 0.013608 seconds
  Import took 0.023050 seconds .

========================================================================
Received Prepare
Registering precompiled user dll's ...
Registered in 0.001099 seconds.
Begin MonoManager ReloadAssembly
Native extension for WindowsStandalone target not found
Refreshing native plugins compatible for Editor in 0.53 ms, found 0 plugins.
Preloading 0 native plugins for Editor in 0.00 ms.
Invoked RoslynAnalysisRunner static constructor.
RoslynAnalysisRunner will not be running.
RoslynAnalysisRunner has terminated.
Mono: successfully reloaded assembly
- Completed reload, in  1.506 seconds
Platform modules already initialized, skipping
Refreshing native plugins compatible for Editor in 0.40 ms, found 0 plugins.
Preloading 0 native plugins for Editor in 0.00 ms.
Unloading 1111 Unused Serialized files (Serialized files now loaded: 0)
System memory in use before: 60.5 MB.
System memory in use after: 60.6 MB.

Unloading 5 unused Assets to reduce memory usage. Loaded Objects now: 1596.
Total: 4.046100 ms (FindLiveObjects: 0.270100 ms CreateObjectMapping: 0.118200 ms MarkObjects: 3.554300 ms  DeleteObjects: 0.101300 ms)

========================================================================
Received Import Request.
  Time since last request: 51.295079 seconds.
  path: Assets/Scripts/PlayerFire.cs
  artifactKey: Guid(cb267a57be1333f4a96a6ed2f6f364ed) Importer(815301076,1909f56bfc062723c751e8b465ee728b)
Start importing Assets/Scripts/PlayerFire.cs using Guid(cb267a57be1333f4a96a6ed2f6f364ed) Importer(815301076,1909f56bfc062723c751e8b465ee728b)  -> (artifact id: '1970f1bd47fdff6a23025545431daae4') in 0.017486 seconds
  Import took 0.029102 seconds .

========================================================================
Received Prepare
Registering precompiled user dll's ...
Registered in 0.003238 seconds.
Begin MonoManager ReloadAssembly
Native extension for WindowsStandalone target not found
Refreshing native plugins compatible for Editor in 0.41 ms, found 0 plugins.
Preloading 0 native plugins for Editor in 0.00 ms.
Invoked RoslynAnalysisRunner static constructor.
RoslynAnalysisRunner will not be running.
RoslynAnalysisRunner has terminated.
Mono: successfully reloaded assembly
- Completed reload, in  1.763 seconds
Platform modules already initialized, skipping
Refreshing native plugins compatible for Editor in 0.37 ms, found 0 plugins.
Preloading 0 native plugins for Editor in 0.00 ms.
Unloading 1111 Unused Serialized files (Serialized files now loaded: 0)
System memory in use before: 60.5 MB.
System memory in use after: 60.6 MB.

Unloading 5 unused Assets to reduce memory usage. Loaded Objects now: 1599.
Total: 3.007200 ms (FindLiveObjects: 0.296400 ms CreateObjectMapping: 0.107500 ms MarkObjects: 2.512800 ms  DeleteObjects: 0.087600 ms)

========================================================================
Received Import Request.
  Time since last request: 184.360357 seconds.
  path: Assets/Scripts/Enemy.cs
  artifactKey: Guid(53ac1b3f974674a468390dc61e73de19) Importer(815301076,1909f56bfc062723c751e8b465ee728b)
Start importing Assets/Scripts/Enemy.cs using Guid(53ac1b3f974674a468390dc61e73de19) Importer(815301076,1909f56bfc062723c751e8b465ee728b)  -> (artifact id: '5d6f878c247251046f6b3374a98ad2eb') in 0.033417 seconds
  Import took 0.044787 seconds .

========================================================================
Received Prepare
Registering precompiled user dll's ...
Registered in 0.001193 seconds.
Begin MonoManager ReloadAssembly
Native extension for WindowsStandalone target not found
Refreshing native plugins compatible for Editor in 0.30 ms, found 0 plugins.
Preloading 0 native plugins for Editor in 0.00 ms.
Invoked RoslynAnalysisRunner static constructor.
RoslynAnalysisRunner will not be running.
RoslynAnalysisRunner has terminated.
Mono: successfully reloaded assembly
- Completed reload, in  1.631 seconds
Platform modules already initialized, skipping
Refreshing native plugins compatible for Editor in 0.47 ms, found 0 plugins.
Preloading 0 native plugins for Editor in 0.00 ms.
Unloading 1112 Unused Serialized files (Serialized files now loaded: 0)
System memory in use before: 60.5 MB.
System memory in use after: 60.6 MB.

Unloading 5 unused Assets to reduce memory usage. Loaded Objects now: 1603.
Total: 7.720500 ms (FindLiveObjects: 0.414500 ms CreateObjectMapping: 0.162800 ms MarkObjects: 6.999600 ms  DeleteObjects: 0.140600 ms)

========================================================================
Received Prepare
Registering precompiled user dll's ...
Registered in 0.001380 seconds.
Begin MonoManager ReloadAssembly
Native extension for WindowsStandalone target not found
Refreshing native plugins compatible for Editor in 0.40 ms, found 0 plugins.
Preloading 0 native plugins for Editor in 0.00 ms.
Invoked RoslynAnalysisRunner static constructor.
RoslynAnalysisRunner will not be running.
RoslynAnalysisRunner has terminated.
Mono: successfully reloaded assembly
- Completed reload, in  1.715 seconds
Platform modules already initialized, skipping
Refreshing native plugins compatible for Editor in 0.40 ms, found 0 plugins.
Preloading 0 native plugins for Editor in 0.00 ms.
Unloading 1112 Unused Serialized files (Serialized files now loaded: 0)
System memory in use before: 60.5 MB.
System memory in use after: 60.6 MB.

Unloading 5 unused Assets to reduce memory usage. Loaded Objects now: 1606.
Total: 4.472900 ms (FindLiveObjects: 0.281900 ms CreateObjectMapping: 0.118100 ms MarkObjects: 3.940400 ms  DeleteObjects: 0.129600 ms)

========================================================================
Received Import Request.
  Time since last request: 236.141926 seconds.
  path: Assets/Scripts/Enemy.cs
  artifactKey: Guid(53ac1b3f974674a468390dc61e73de19) Importer(815301076,1909f56bfc062723c751e8b465ee728b)
Start importing Assets/Scripts/Enemy.cs using Guid(53ac1b3f974674a468390dc61e73de19) Importer(815301076,1909f56bfc062723c751e8b465ee728b)  -> (artifact id: '8d78a9b4d67c029629c8e4ec59781773') in 0.007141 seconds
  Import took 0.011614 seconds .

========================================================================
Received Prepare
Registering precompiled user dll's ...
Registered in 0.001337 seconds.
Begin MonoManager ReloadAssembly
Native extension for WindowsStandalone target not found
Refreshing native plugins compatible for Editor in 0.38 ms, found 0 plugins.
Preloading 0 native plugins for Editor in 0.00 ms.
Invoked RoslynAnalysisRunner static constructor.
RoslynAnalysisRunner will not be running.
RoslynAnalysisRunner has terminated.
Mono: successfully reloaded assembly
- Completed reload, in  1.833 seconds
Platform modules already initialized, skipping
Refreshing native plugins compatible for Editor in 0.44 ms, found 0 plugins.
Preloading 0 native plugins for Editor in 0.00 ms.
Unloading 1112 Unused Serialized files (Serialized files now loaded: 0)
System memory in use before: 60.5 MB.
System memory in use after: 60.6 MB.

Unloading 5 unused Assets to reduce memory usage. Loaded Objects now: 1609.
Total: 3.607600 ms (FindLiveObjects: 0.454900 ms CreateObjectMapping: 0.130500 ms MarkObjects: 2.916300 ms  DeleteObjects: 0.102100 ms)

AssetImportWorkerClient::OnTransportError - code=2 error=End of file
