Using pre-set license
Built from '2020.3/staging' branch; Version is '2020.3.0f1 (c7b5465681fb) revision 13088070'; Using compiler version '192528614'; Build Type 'Release'
OS: 'Windows 10 Home; OS build 18363.1440; Version 1909; 64bit' Language: 'ko' Physical Memory: 8032 MB
BatchMode: 1, IsHumanControllingUs: 0, StartBugReporterOnCrash: 0, Is64bit: 1, IsPro: 0

 COMMAND LINE ARGUMENTS:
C:\Program Files\Unity\Hub\Editor\2020.3.0f1\Editor\Unity.exe
-adb2
-batchMode
-noUpm
-name
AssetImportWorker0
-projectPath
C:/Users/jynme/Documents/GitHub/unity-shooting-game/ShootingGame
-logFile
Logs/AssetImportWorker0.log
-srvPort
63497
Successfully changed project path to: C:/Users/jynme/Documents/GitHub/unity-shooting-game/ShootingGame
C:/Users/jynme/Documents/GitHub/unity-shooting-game/ShootingGame
Using Asset Import Pipeline V2.
Refreshing native plugins compatible for Editor in 36.09 ms, found 0 plugins.
Preloading 0 native plugins for Editor in 0.00 ms.
Initialize engine version: 2020.3.0f1 (c7b5465681fb)
[Subsystems] Discovering subsystems at path C:/Program Files/Unity/Hub/Editor/2020.3.0f1/Editor/Data/Resources/UnitySubsystems
[Subsystems] Discovering subsystems at path C:/Users/jynme/Documents/GitHub/unity-shooting-game/ShootingGame/Assets
GfxDevice: creating device client; threaded=0
Direct3D:
    Version:  Direct3D 11.0 [level 11.1]
    Renderer: NVIDIA GeForce GTX 1650 (ID=0x1f91)
    Vendor:   
    VRAM:     3964 MB
    Driver:   26.21.14.4145
Initialize mono
Mono path[0] = 'C:/Program Files/Unity/Hub/Editor/2020.3.0f1/Editor/Data/Managed'
Mono path[1] = 'C:/Program Files/Unity/Hub/Editor/2020.3.0f1/Editor/Data/MonoBleedingEdge/lib/mono/unityjit'
Mono config path = 'C:/Program Files/Unity/Hub/Editor/2020.3.0f1/Editor/Data/MonoBleedingEdge/etc'
Using monoOptions --debugger-agent=transport=dt_socket,embedding=1,server=y,suspend=n,address=127.0.0.1:56792
Begin MonoManager ReloadAssembly
Registering precompiled unity dll's ...
Register platform support module: C:/Program Files/Unity/Hub/Editor/2020.3.0f1/Editor/Data/PlaybackEngines/WindowsStandaloneSupport/UnityEditor.WindowsStandalone.Extensions.dll
Registered in 0.001789 seconds.
Native extension for WindowsStandalone target not found
Refreshing native plugins compatible for Editor in 34.01 ms, found 0 plugins.
Preloading 0 native plugins for Editor in 0.00 ms.
Invoked RoslynAnalysisRunner static constructor.
RoslynAnalysisRunner will not be running.
RoslynAnalysisRunner has terminated.
Mono: successfully reloaded assembly
- Completed reload, in  1.874 seconds
Platform modules already initialized, skipping
Registering precompiled user dll's ...
Registered in 0.001567 seconds.
Begin MonoManager ReloadAssembly
Native extension for WindowsStandalone target not found
Refreshing native plugins compatible for Editor in 0.37 ms, found 0 plugins.
Preloading 0 native plugins for Editor in 0.00 ms.
Invoked RoslynAnalysisRunner static constructor.
RoslynAnalysisRunner will not be running.
RoslynAnalysisRunner has terminated.
Mono: successfully reloaded assembly
- Completed reload, in  1.160 seconds
Platform modules already initialized, skipping
========================================================================
Worker process is ready to serve import requests
Launched and connected shader compiler UnityShaderCompiler.exe after 0.07 seconds
Refreshing native plugins compatible for Editor in 0.36 ms, found 0 plugins.
Preloading 0 native plugins for Editor in 0.00 ms.
Unloading 1139 Unused Serialized files (Serialized files now loaded: 0)
System memory in use before: 58.5 MB.
System memory in use after: 58.5 MB.

Unloading 11 unused Assets to reduce memory usage. Loaded Objects now: 1589.
Total: 3.261700 ms (FindLiveObjects: 0.343600 ms CreateObjectMapping: 0.279200 ms MarkObjects: 2.515500 ms  DeleteObjects: 0.122000 ms)

========================================================================
Received Import Request.
  path: Assets/Scripts/EnemyFire.cs
  artifactKey: Guid(00b5d425c8e02454bb6fef4e88956cc5) Importer(815301076,1909f56bfc062723c751e8b465ee728b)
Start importing Assets/Scripts/EnemyFire.cs using Guid(00b5d425c8e02454bb6fef4e88956cc5) Importer(815301076,1909f56bfc062723c751e8b465ee728b)  -> (artifact id: '561846f600c0a0870e156a0707752b5c') in 0.035944 seconds
  Import took 0.038667 seconds .

========================================================================
Received Import Request.
  Time since last request: 0.000421 seconds.
  path: Assets/Scripts/EnemyBullet.cs
  artifactKey: Guid(7487e6bd22bf2ce4490d0b8ec8e96a1a) Importer(815301076,1909f56bfc062723c751e8b465ee728b)
Start importing Assets/Scripts/EnemyBullet.cs using Guid(7487e6bd22bf2ce4490d0b8ec8e96a1a) Importer(815301076,1909f56bfc062723c751e8b465ee728b)  -> (artifact id: '4aaa03e491e72a4959f8a3c3d15cdf62') in 0.003379 seconds
  Import took 0.005891 seconds .

========================================================================
Received Import Request.
  Time since last request: 1.699756 seconds.
  path: Assets/Prefabs/EnemyBullet.prefab
  artifactKey: Guid(96c045f2710ea074084e082b99a45aef) Importer(815301076,1909f56bfc062723c751e8b465ee728b)
Start importing Assets/Prefabs/EnemyBullet.prefab using Guid(96c045f2710ea074084e082b99a45aef) Importer(815301076,1909f56bfc062723c751e8b465ee728b)  -> (artifact id: '6bddcccce7ee2ffcf47bd8728e09ac03') in 0.140440 seconds
  Import took 0.142989 seconds .

========================================================================
Received Prepare
Refreshing native plugins compatible for Editor in 1.23 ms, found 0 plugins.
Preloading 0 native plugins for Editor in 0.00 ms.
Unloading 4 Unused Serialized files (Serialized files now loaded: 0)
System memory in use before: 39.2 MB.
System memory in use after: 39.3 MB.

Unloading 4 unused Assets to reduce memory usage. Loaded Objects now: 1597.
Total: 2.853900 ms (FindLiveObjects: 0.209700 ms CreateObjectMapping: 0.064900 ms MarkObjects: 2.485900 ms  DeleteObjects: 0.092100 ms)

========================================================================
Received Prepare
Registering precompiled user dll's ...
Registered in 0.001798 seconds.
Begin MonoManager ReloadAssembly
Native extension for WindowsStandalone target not found
Refreshing native plugins compatible for Editor in 0.32 ms, found 0 plugins.
Preloading 0 native plugins for Editor in 0.00 ms.
Invoked RoslynAnalysisRunner static constructor.
RoslynAnalysisRunner will not be running.
RoslynAnalysisRunner has terminated.
Mono: successfully reloaded assembly
- Completed reload, in  1.334 seconds
Platform modules already initialized, skipping
Refreshing native plugins compatible for Editor in 0.35 ms, found 0 plugins.
Preloading 0 native plugins for Editor in 0.00 ms.
Unloading 1132 Unused Serialized files (Serialized files now loaded: 0)
System memory in use before: 61.5 MB.
System memory in use after: 61.5 MB.

Unloading 6 unused Assets to reduce memory usage. Loaded Objects now: 1600.
Total: 3.799300 ms (FindLiveObjects: 0.340100 ms CreateObjectMapping: 0.116200 ms MarkObjects: 3.206200 ms  DeleteObjects: 0.125200 ms)

========================================================================
Received Import Request.
  Time since last request: 328.260774 seconds.
  path: Assets/Audio/138681__haydensayshi123__battle-march-action-loop.wav
  artifactKey: Guid(1904f5810d42c8647b874ad1b4f5ce16) Importer(815301076,1909f56bfc062723c751e8b465ee728b)
Start importing Assets/Audio/138681__haydensayshi123__battle-march-action-loop.wav using Guid(1904f5810d42c8647b874ad1b4f5ce16) Importer(815301076,1909f56bfc062723c751e8b465ee728b)  -> (artifact id: '334d213aa00d8c3018c012f27b103de9') in 0.087229 seconds
  Import took 0.089838 seconds .

========================================================================
Received Import Request.
  Time since last request: 13.027576 seconds.
  path: Assets/Audio/Audio_BGM.wav
  artifactKey: Guid(1904f5810d42c8647b874ad1b4f5ce16) Importer(815301076,1909f56bfc062723c751e8b465ee728b)
Start importing Assets/Audio/Audio_BGM.wav using Guid(1904f5810d42c8647b874ad1b4f5ce16) Importer(815301076,1909f56bfc062723c751e8b465ee728b)  -> (artifact id: '92e67d55f4afb1c58114ebf9b2f3ed68') in 0.030923 seconds
  Import took 0.034160 seconds .

========================================================================
Received Prepare
Registering precompiled user dll's ...
Registered in 0.001796 seconds.
Begin MonoManager ReloadAssembly
Native extension for WindowsStandalone target not found
Refreshing native plugins compatible for Editor in 0.73 ms, found 0 plugins.
Preloading 0 native plugins for Editor in 0.00 ms.
Invoked RoslynAnalysisRunner static constructor.
RoslynAnalysisRunner will not be running.
RoslynAnalysisRunner has terminated.
Mono: successfully reloaded assembly
- Completed reload, in  1.099 seconds
Platform modules already initialized, skipping
Refreshing native plugins compatible for Editor in 0.55 ms, found 0 plugins.
Preloading 0 native plugins for Editor in 0.00 ms.
Unloading 1132 Unused Serialized files (Serialized files now loaded: 0)
System memory in use before: 61.5 MB.
System memory in use after: 61.6 MB.

Unloading 6 unused Assets to reduce memory usage. Loaded Objects now: 1606.
Total: 5.910800 ms (FindLiveObjects: 0.396200 ms CreateObjectMapping: 0.119700 ms MarkObjects: 5.139000 ms  DeleteObjects: 0.229800 ms)

========================================================================
Received Import Request.
  Time since last request: 282.850851 seconds.
  path: Assets/Audio/342465__pearcewilsonking__tribe-drum-loop.wav
  artifactKey: Guid(54884832de7733645a74d4b425ea5ce9) Importer(815301076,1909f56bfc062723c751e8b465ee728b)
Start importing Assets/Audio/342465__pearcewilsonking__tribe-drum-loop.wav using Guid(54884832de7733645a74d4b425ea5ce9) Importer(815301076,1909f56bfc062723c751e8b465ee728b)  -> (artifact id: '1377e8abfd6502d12e011331fb9e10f1') in 0.075322 seconds
  Import took 0.079042 seconds .

========================================================================
Received Prepare
Registering precompiled user dll's ...
Registered in 0.001354 seconds.
Begin MonoManager ReloadAssembly
Native extension for WindowsStandalone target not found
Refreshing native plugins compatible for Editor in 0.27 ms, found 0 plugins.
Preloading 0 native plugins for Editor in 0.00 ms.
Invoked RoslynAnalysisRunner static constructor.
RoslynAnalysisRunner will not be running.
RoslynAnalysisRunner has terminated.
Mono: successfully reloaded assembly
- Completed reload, in  0.977 seconds
Platform modules already initialized, skipping
Refreshing native plugins compatible for Editor in 0.34 ms, found 0 plugins.
Preloading 0 native plugins for Editor in 0.00 ms.
Unloading 1132 Unused Serialized files (Serialized files now loaded: 0)
System memory in use before: 61.6 MB.
System memory in use after: 61.6 MB.

Unloading 6 unused Assets to reduce memory usage. Loaded Objects now: 1610.
Total: 2.777900 ms (FindLiveObjects: 0.369100 ms CreateObjectMapping: 0.130900 ms MarkObjects: 2.138100 ms  DeleteObjects: 0.138000 ms)

========================================================================
Received Import Request.
  Time since last request: 11.480370 seconds.
  path: Assets/Audio/Audio_BGM.wav
  artifactKey: Guid(54884832de7733645a74d4b425ea5ce9) Importer(815301076,1909f56bfc062723c751e8b465ee728b)
Start importing Assets/Audio/Audio_BGM.wav using Guid(54884832de7733645a74d4b425ea5ce9) Importer(815301076,1909f56bfc062723c751e8b465ee728b)  -> (artifact id: '8b864c7ca9059b35358821501566b1d1') in 0.064101 seconds
  Import took 0.066653 seconds .

========================================================================
Received Prepare
Registering precompiled user dll's ...
Registered in 0.001369 seconds.
Begin MonoManager ReloadAssembly
Native extension for WindowsStandalone target not found
Refreshing native plugins compatible for Editor in 0.40 ms, found 0 plugins.
Preloading 0 native plugins for Editor in 0.00 ms.
Invoked RoslynAnalysisRunner static constructor.
RoslynAnalysisRunner will not be running.
RoslynAnalysisRunner has terminated.
Mono: successfully reloaded assembly
- Completed reload, in  0.898 seconds
Platform modules already initialized, skipping
Refreshing native plugins compatible for Editor in 0.34 ms, found 0 plugins.
Preloading 0 native plugins for Editor in 0.00 ms.
Unloading 1132 Unused Serialized files (Serialized files now loaded: 0)
System memory in use before: 61.6 MB.
System memory in use after: 61.7 MB.

Unloading 6 unused Assets to reduce memory usage. Loaded Objects now: 1614.
Total: 2.353700 ms (FindLiveObjects: 0.177000 ms CreateObjectMapping: 0.046300 ms MarkObjects: 2.016700 ms  DeleteObjects: 0.112000 ms)

AssetImportWorkerClient::OnTransportError - code=2 error=End of file
